<?xml version="1.0" encoding="UTF-8"?>
<!-- Generated by org.testng.reporters.JUnitXMLReporter -->
<testsuite ignored="0" hostname="Rakesh-Nishis-MacBook-Pro.local" failures="2" tests="4" name="LoginTest_chrome" time="29.647" errors="0" timestamp="2022-05-23T00:15:12 EDT">
  <testcase classname="com.testCases.TC_LoginTestDDT_0020" name="loginDDT" time="2.095">
    <failure type="java.lang.AssertionError" message="did not expect to find [true] but found [false]">
      <![CDATA[java.lang.AssertionError: did not expect to find [true] but found [false]
at com.testCases.TC_LoginTestDDT_0020.loginDDT(TC_LoginTestDDT_0020.java:48)
at java.base/java.util.ArrayList.forEach(ArrayList.java:1511)
... Removed 29 stack frames]]>
    </failure>
  </testcase> <!-- loginDDT -->
  <testcase classname="com.testCases.TC_LoginTestDDT_0020" name="loginDDT" time="2.197"/>
  <testcase classname="com.testCases.TC_ArrayTestPage_0032" name="arrayPageNavigation" time="10.811"/>
  <testcase classname="com.testCases.TC_ArrayTestPage_0032" name="pageFailedTestCase" time="0.724">
    <failure type="java.lang.AssertionError" message="did not expect to find [true] but found [false]">
      <![CDATA[java.lang.AssertionError: did not expect to find [true] but found [false]
at com.testCases.TC_ArrayTestPage_0032.pageFailedTestCase(TC_ArrayTestPage_0032.java:113)
at java.base/java.util.ArrayList.forEach(ArrayList.java:1511)
... Removed 29 stack frames]]>
    </failure>
  </testcase> <!-- pageFailedTestCase -->
</testsuite> <!-- LoginTest_chrome -->
